<?xml version="1.0" encoding="UTF-8"?>
<!-- Generated by org.testng.reporters.JUnitXMLReporter -->
<testsuite hostname="Rajdiv" ignored="0" name="Default test" tests="3" failures="0" timestamp="2021-07-30T13:30:34 CDT" time="0.083" errors="0">
  <testcase name="testMethod1" time="0.016" classname="testNG.TestMethodClass2"/>
  <testcase name="testMethod2" time="0.002" classname="testNG.TestMethodClass2"/>
  <testcase name="testMethod3" time="0.002" classname="testNG.TestMethodClass2"/>
</testsuite> <!-- Default test -->
