<?xml version="1.0" encoding="UTF-8"?>
<testng-results skipped="0" failed="0" ignored="0" total="3" passed="3">
  <reporter-output>
  </reporter-output>
  <suite name="Default suite" duration-ms="83" started-at="2021-07-30T13:30:34 CDT" finished-at="2021-07-30T13:30:34 CDT">
    <groups>
    </groups>
    <test name="Default test" duration-ms="83" started-at="2021-07-30T13:30:34 CDT" finished-at="2021-07-30T13:30:34 CDT">
      <class name="testNG.TestMethodClass2">
        <test-method status="PASS" signature="testMethod1()[pri:0, instance:testNG.TestMethodClass2@71248c21]" name="testMethod1" duration-ms="16" started-at="2021-07-30T13:30:34 CDT" finished-at="2021-07-30T13:30:34 CDT">
          <reporter-output>
          </reporter-output>
        </test-method> <!-- testMethod1 -->
        <test-method status="PASS" signature="testMethod2()[pri:0, instance:testNG.TestMethodClass2@71248c21]" name="testMethod2" duration-ms="2" started-at="2021-07-30T13:30:34 CDT" finished-at="2021-07-30T13:30:34 CDT">
          <reporter-output>
          </reporter-output>
        </test-method> <!-- testMethod2 -->
        <test-method status="PASS" signature="testMethod3()[pri:0, instance:testNG.TestMethodClass2@71248c21]" name="testMethod3" duration-ms="2" started-at="2021-07-30T13:30:34 CDT" finished-at="2021-07-30T13:30:34 CDT">
          <reporter-output>
          </reporter-output>
        </test-method> <!-- testMethod3 -->
      </class> <!-- testNG.TestMethodClass2 -->
    </test> <!-- Default test -->
  </suite> <!-- Default suite -->
</testng-results>
